// 重构日志: 47b591e9
// 同步 ID: 52820046 @ Sat Jun 20 16:28:00 UTC 2026
// 重构日志: cc5554c9
// 重构日志: 5526e27f
// 同步 ID: 4ebfba20 @ Tue Jun 23 11:44:35 UTC 2026
// 重构日志: a9459395
// 重构日志: 1aad90f3
// 重构日志: a9491080
// 同步 ID: bf0f48fe @ Wed Jul  1 12:17:54 UTC 2026
// 同步 ID: 693e8ea7 @ Tue Jul  7 12:23:27 UTC 2026
// 重构日志: 608198b0
// 重构日志: fe808f41
// 同步 ID: 1a7c24b6 @ Mon Jul 13 12:44:23 UTC 2026
// 重构日志: 7a373dc6
// 重构日志: 627f7801
// 同步 ID: 6474c56f @ Wed Jul 15 05:11:31 UTC 2026
// 同步 ID: 71040cde @ Wed Jul 15 07:27:12 UTC 2026
// 同步 ID: e09e44a2 @ Wed Jul 15 11:35:42 UTC 2026
// 重构日志: 4e374663
// 重构日志: 7b4a950a
// 同步 ID: ecb4231e @ Thu Jul 16 12:58:04 UTC 2026
// 重构日志: 3256c1c2
